<?xml version="1.0" encoding="UTF-8"?>
<!-- Generated by org.testng.reporters.JUnitReportReporter -->
<testsuite hostname="NiketPa" failures="0" tests="2" name="com.qa.saucelab.tests.CheckoutPageTest" time="3.441" errors="0" timestamp="2024-11-22T01:24:45 IST" skipped="0">
  <testcase classname="com.qa.saucelab.tests.CheckoutPageTest" name="doLogin" time="1.650"/>
  <testcase classname="com.qa.saucelab.tests.CheckoutPageTest" name="clickAddToCart" time="1.791"/>
</testsuite> <!-- com.qa.saucelab.tests.CheckoutPageTest -->
