<?xml version="1.0" encoding="UTF-8"?>
<!-- Generated by org.testng.reporters.JUnitReportReporter -->
<testsuite hostname="NiketPa" failures="0" tests="3" name="com.qa.saucelab.tests.LoginPageTest" time="1.576" errors="0" timestamp="2024-11-22T01:24:45 IST" skipped="0">
  <testcase classname="com.qa.saucelab.tests.LoginPageTest" name="validateProductPageHeader" time="0.100"/>
  <testcase classname="com.qa.saucelab.tests.LoginPageTest" name="verifyLoginTitle" time="0.026"/>
  <testcase classname="com.qa.saucelab.tests.LoginPageTest" name="doLogin" time="1.450"/>
</testsuite> <!-- com.qa.saucelab.tests.LoginPageTest -->
